\BOOKMARK [1][-]{section.1}{\376\377\000I\000n\000t\000r\000o\000d\000u\000c\000t\000i\000o\000n}{}% 1
\BOOKMARK [1][-]{section.2}{\376\377\000P\000r\000e\000r\000e\000q\000u\000i\000s\000i\000t\000e\000s\000\040\000\046\000\040\000I\000n\000s\000t\000a\000l\000l\000a\000t\000i\000o\000n}{}% 2
\BOOKMARK [2][-]{subsection.2.1}{\376\377\000S\000y\000s\000t\000e\000m\000\040\000R\000e\000q\000u\000i\000r\000e\000m\000e\000n\000t\000s}{section.2}% 3
\BOOKMARK [2][-]{subsection.2.2}{\376\377\000P\000y\000t\000h\000o\000n\000\040\000D\000e\000p\000e\000n\000d\000e\000n\000c\000i\000e\000s}{section.2}% 4
\BOOKMARK [1][-]{section.3}{\376\377\000U\000s\000a\000g\000e\000\040\000G\000u\000i\000d\000e}{}% 5
\BOOKMARK [2][-]{subsection.3.1}{\376\377\000D\000i\000r\000e\000c\000t\000o\000r\000y\000\040\000S\000t\000r\000u\000c\000t\000u\000r\000e}{section.3}% 6
\BOOKMARK [2][-]{subsection.3.2}{\376\377\000R\000u\000n\000n\000i\000n\000g\000\040\000t\000h\000e\000\040\000S\000c\000r\000i\000p\000t}{section.3}% 7
\BOOKMARK [3][-]{subsubsection.3.2.1}{\376\377\000C\000o\000m\000m\000a\000n\000d\000\040\000L\000i\000n\000e\000\040\000A\000r\000g\000u\000m\000e\000n\000t\000s}{subsection.3.2}% 8
\BOOKMARK [1][-]{section.4}{\376\377\000G\000i\000t\000H\000u\000b\000\040\000A\000c\000t\000i\000o\000n\000s\000\040\000A\000u\000t\000o\000m\000a\000t\000i\000o\000n}{}% 9
\BOOKMARK [2][-]{subsection.4.1}{\376\377\000W\000o\000r\000k\000f\000l\000o\000w\000\040\000O\000v\000e\000r\000v\000i\000e\000w}{section.4}% 10
\BOOKMARK [2][-]{subsection.4.2}{\376\377\000R\000e\000p\000o\000s\000i\000t\000o\000r\000y}{section.4}% 11
\BOOKMARK [1][-]{section.5}{\376\377\000C\000o\000d\000e\000\040\000A\000n\000a\000l\000y\000s\000i\000s}{}% 12
\BOOKMARK [2][-]{subsection.5.1}{\376\377\000K\000e\000y\000\040\000M\000e\000t\000h\000o\000d\000s}{section.5}% 13
\BOOKMARK [1][-]{section.6}{\376\377\000C\000u\000s\000t\000o\000m\000i\000z\000a\000t\000i\000o\000n\000\040\000G\000u\000i\000d\000e}{}% 14
\BOOKMARK [2][-]{subsection.6.1}{\376\377\000C\000h\000a\000n\000g\000i\000n\000g\000\040\000M\000a\000r\000g\000i\000n\000s}{section.6}% 15
\BOOKMARK [3][-]{subsubsection.6.1.1}{\376\377\0001\000.\000\040\000F\000o\000r\000\040\000D\000O\000C\000X\000/\000T\000e\000x\000t\000\040\000C\000o\000n\000v\000e\000r\000s\000i\000o\000n\000s}{subsection.6.1}% 16
\BOOKMARK [3][-]{subsubsection.6.1.2}{\376\377\0002\000.\000\040\000F\000o\000r\000\040\000t\000h\000e\000\040\000M\000a\000s\000t\000e\000r\000\040\000D\000o\000c\000u\000m\000e\000n\000t}{subsection.6.1}% 17
\BOOKMARK [2][-]{subsection.6.2}{\376\377\000C\000h\000a\000n\000g\000i\000n\000g\000\040\000H\000e\000a\000d\000e\000r\000\040\000a\000n\000d\000\040\000F\000o\000o\000t\000e\000r}{section.6}% 18
\BOOKMARK [2][-]{subsection.6.3}{\376\377\000M\000o\000d\000i\000f\000y\000i\000n\000g\000\040\000F\000o\000n\000t\000s}{section.6}% 19
\BOOKMARK [1][-]{section.7}{\376\377\000T\000r\000o\000u\000b\000l\000e\000s\000h\000o\000o\000t\000i\000n\000g}{}% 20
